<?xml version="1.0" encoding="UTF-8"?>
<!-- Generated by org.testng.reporters.JUnitReportReporter -->
<testsuite hostname="DESKTOP-CQ5J57P" failures="0" tests="1" name="Women.Select_Color" time="20.150" errors="0" timestamp="2021-03-07T19:20:25 EST" skipped="0">
  <testcase classname="Women.Select_Color" name="color" time="20.150"/>
  <system-out/>
</testsuite> <!-- Women.Select_Color -->
