<?xml version="1.0" encoding="UTF-8"?>
<!-- Generated by org.testng.reporters.JUnitReportReporter -->
<testsuite hostname="DESKTOP-CQ5J57P" failures="0" tests="1" name="Create_Account.Enter_Personal_Information" time="15.539" errors="0" timestamp="2021-03-07T19:33:17 EST" skipped="0">
  <testcase classname="Create_Account.Enter_Personal_Information" name="Personal_Information" time="15.539"/>
  <system-out/>
</testsuite> <!-- Create_Account.Enter_Personal_Information -->
