<?xml version="1.0" encoding="UTF-8"?>
<!-- Generated by org.testng.reporters.JUnitReportReporter -->
<testsuite hostname="DESKTOP-CQ5J57P" failures="0" tests="1" name="Women.Click_Add_Cart" time="15.887" errors="0" timestamp="2021-03-07T19:20:25 EST" skipped="0">
  <testcase classname="Women.Click_Add_Cart" name="Add_Cart" time="15.887"/>
  <system-out/>
</testsuite> <!-- Women.Click_Add_Cart -->
