<?xml version="1.0" encoding="UTF-8"?>
<!-- Generated by org.testng.reporters.JUnitReportReporter -->
<testsuite hostname="DESKTOP-CQ5J57P" failures="0" tests="1" name="Create_Account.Select_DOB" time="16.736" errors="0" timestamp="2021-03-07T19:33:17 EST" skipped="0">
  <testcase classname="Create_Account.Select_DOB" name="DOB" time="16.736"/>
  <system-out/>
</testsuite> <!-- Create_Account.Select_DOB -->
