<?xml version="1.0" encoding="UTF-8"?>
<!-- Generated by org.testng.reporters.JUnitReportReporter -->
<testsuite hostname="DESKTOP-CQ5J57P" failures="0" tests="1" name="Sign_In.Enter_Password" time="12.314" errors="0" timestamp="2021-03-07T19:31:38 EST" skipped="0">
  <testcase classname="Sign_In.Enter_Password" name="enter_password" time="12.314"/>
  <system-out/>
</testsuite> <!-- Sign_In.Enter_Password -->
