<?xml version="1.0" encoding="UTF-8"?>
<!-- Generated by org.testng.reporters.JUnitReportReporter -->
<testsuite hostname="DESKTOP-CQ5J57P" failures="0" tests="1" name="Sign_In.Click_SignIn" time="10.239" errors="0" timestamp="2021-03-07T19:31:38 EST" skipped="0">
  <testcase classname="Sign_In.Click_SignIn" name="clik_signin" time="10.239"/>
  <system-out/>
</testsuite> <!-- Sign_In.Click_SignIn -->
