<?xml version="1.0" encoding="UTF-8"?>
<!-- Generated by org.testng.reporters.JUnitReportReporter -->
<testsuite hostname="DESKTOP-CQ5J57P" failures="0" tests="4" name="Create_Account.Click_Account_Link" time="4.917" errors="0" timestamp="2021-03-07T19:33:17 EST" skipped="0">
  <testcase classname="Create_Account.Click_Account_Link" name="open_browser" time="3.697"/>
  <system-out/>
  <testcase classname="Create_Account.Click_Account_Link" name="click_signIN" time="1.077"/>
  <system-out/>
  <testcase classname="Create_Account.Click_Account_Link" name="email_address" time="0.086"/>
  <system-out/>
  <testcase classname="Create_Account.Click_Account_Link" name="Create_Account" time="0.057"/>
  <system-out/>
</testsuite> <!-- Create_Account.Click_Account_Link -->
