<?xml version="1.0" encoding="UTF-8"?>
<!-- Generated by org.testng.reporters.JUnitReportReporter -->
<testsuite hostname="DESKTOP-CQ5J57P" failures="0" tests="1" name="Women.Search" time="23.247" errors="0" timestamp="2021-03-07T19:20:25 EST" skipped="0">
  <testcase classname="Women.Search" name="search_box" time="23.247"/>
  <system-out/>
</testsuite> <!-- Women.Search -->
